# JRE version: Java(TM) SE Runtime Environment (21.0.2+13) (build 21.0.2+13-LTS-58)
# Java VM: Java HotSpot(TM) 64-Bit Server VM (21.0.2+13-LTS-58, mixed mode, sharing, tiered, compressed oops, compressed class ptrs, g1 gc, windows-amd64)
GC Precious Log:
 CardTable entry size: 512
 Card Set container configuration: InlinePtr #cards 4 size 8 Array Of Cards #cards 16 size 48 Howl #buckets 8 coarsen threshold 3686 Howl Bitmap #cards 512 size 80 coarsen threshold 460 Card regions per heap region 1 cards per card region 4096
 CPUs: 8 total, 8 available
 Memory: 16107M
 Large Page Support: Disabled
 NUMA Support: Disabled
 Compressed Oops: Enabled (Zero based)
 Heap Region Size: 2M
 Heap Min Capacity: 8M
 Heap Initial Capacity: 252M
 Heap Max Capacity: 4028M
 Pre-touch: Disabled
 Parallel Workers: 8
 Concurrent Workers: 2
 Concurrent Refinement Workers: 8
 Periodic GC: Disabled
Heap:
 garbage-first heap   total 399360K, used 211488K [0x0000000704400000, 0x0000000800000000)
  region size 2048K, 6 young (12288K), 6 survivors (12288K)
 Metaspace       used 24638K, committed 25024K, reserved 1114112K
  class space    used 2663K, committed 2816K, reserved 1048576K
GC Heap History (20 events):
Event: 2.698 GC heap after
{Heap after GC invocations=3 (full 0):
 garbage-first heap   total 258048K, used 24146K [0x0000000704400000, 0x0000000800000000)
  region size 2048K, 10 young (20480K), 10 survivors (20480K)
 Metaspace       used 16998K, committed 17280K, reserved 1114112K
  class space    used 1904K, committed 2048K, reserved 1048576K
}
Event: 4.698 GC heap before
{Heap before GC invocations=3 (full 0):
 garbage-first heap   total 258048K, used 151122K [0x0000000704400000, 0x0000000800000000)
  region size 2048K, 72 young (147456K), 10 survivors (20480K)
 Metaspace       used 19317K, committed 19584K, reserved 1114112K
  class space    used 2126K, committed 2240K, reserved 1048576K
}
Event: 4.731 GC heap after
{Heap after GC invocations=4 (full 0):
 garbage-first heap   total 258048K, used 40960K [0x0000000704400000, 0x0000000800000000)
  region size 2048K, 9 young (18432K), 9 survivors (18432K)
 Metaspace       used 19317K, committed 19584K, reserved 1114112K
  class space    used 2126K, committed 2240K, reserved 1048576K
}
Event: 5.657 GC heap before
{Heap before GC invocations=4 (full 0):
 garbage-first heap   total 258048K, used 151552K [0x0000000704400000, 0x0000000800000000)
  region size 2048K, 63 young (129024K), 9 survivors (18432K)
 Metaspace       used 19419K, committed 19712K, reserved 1114112K
  class space    used 2128K, committed 2240K, reserved 1048576K
}
Event: 5.688 GC heap after
{Heap after GC invocations=5 (full 0):
 garbage-first heap   total 258048K, used 68506K [0x0000000704400000, 0x0000000800000000)
  region size 2048K, 8 young (16384K), 8 survivors (16384K)
 Metaspace       used 19419K, committed 19712K, reserved 1114112K
  class space    used 2128K, committed 2240K, reserved 1048576K
}
Event: 8.253 GC heap before
{Heap before GC invocations=5 (full 0):
 garbage-first heap   total 258048K, used 170906K [0x0000000704400000, 0x0000000800000000)
  region size 2048K, 59 young (120832K), 8 survivors (16384K)
 Metaspace       used 21256K, committed 21504K, reserved 1114112K
  class space    used 2310K, committed 2432K, reserved 1048576K
}
Event: 8.280 GC heap after
{Heap after GC invocations=6 (full 0):
 garbage-first heap   total 258048K, used 85849K [0x0000000704400000, 0x0000000800000000)
  region size 2048K, 8 young (16384K), 8 survivors (16384K)
 Metaspace       used 21256K, committed 21504K, reserved 1114112K
  class space    used 2310K, committed 2432K, reserved 1048576K
}
Event: 9.872 GC heap before
{Heap before GC invocations=7 (full 0):
 garbage-first heap   total 258048K, used 198489K [0x0000000704400000, 0x0000000800000000)
  region size 2048K, 63 young (129024K), 8 survivors (16384K)
 Metaspace       used 23925K, committed 24320K, reserved 1114112K
  class space    used 2597K, committed 2816K, reserved 1048576K
}
Event: 9.896 GC heap after
{Heap after GC invocations=8 (full 0):
 garbage-first heap   total 258048K, used 103424K [0x0000000704400000, 0x0000000800000000)
  region size 2048K, 8 young (16384K), 8 survivors (16384K)
 Metaspace       used 23925K, committed 24320K, reserved 1114112K
  class space    used 2597K, committed 2816K, reserved 1048576K
}
Event: 10.643 GC heap before
{Heap before GC invocations=8 (full 0):
 garbage-first heap   total 258048K, used 207872K [0x0000000704400000, 0x0000000800000000)
  region size 2048K, 59 young (120832K), 8 survivors (16384K)
 Metaspace       used 23947K, committed 24384K, reserved 1114112K
  class space    used 2597K, committed 2816K, reserved 1048576K
}
Event: 10.664 GC heap after
{Heap after GC invocations=9 (full 0):
 garbage-first heap   total 258048K, used 126916K [0x0000000704400000, 0x0000000800000000)
  region size 2048K, 8 young (16384K), 8 survivors (16384K)
 Metaspace       used 23947K, committed 24384K, reserved 1114112K
  class space    used 2597K, committed 2816K, reserved 1048576K
}
Event: 11.245 GC heap before
{Heap before GC invocations=9 (full 0):
 garbage-first heap   total 258048K, used 210884K [0x0000000704400000, 0x0000000800000000)
  region size 2048K, 49 young (100352K), 8 survivors (16384K)
 Metaspace       used 23966K, committed 24448K, reserved 1114112K
  class space    used 2597K, committed 2816K, reserved 1048576K
}
Event: 11.273 GC heap after
{Heap after GC invocations=10 (full 0):
 garbage-first heap   total 311296K, used 146099K [0x0000000704400000, 0x0000000800000000)
  region size 2048K, 7 young (14336K), 7 survivors (14336K)
 Metaspace       used 23966K, committed 24448K, reserved 1114112K
  class space    used 2597K, committed 2816K, reserved 1048576K
}
Event: 12.107 GC heap before
{Heap before GC invocations=10 (full 0):
 garbage-first heap   total 311296K, used 252595K [0x0000000704400000, 0x0000000800000000)
  region size 2048K, 59 young (120832K), 7 survivors (14336K)
 Metaspace       used 24633K, committed 25024K, reserved 1114112K
  class space    used 2664K, committed 2816K, reserved 1048576K
}
Event: 12.123 GC heap after
{Heap after GC invocations=11 (full 0):
 garbage-first heap   total 311296K, used 175794K [0x0000000704400000, 0x0000000800000000)
  region size 2048K, 8 young (16384K), 8 survivors (16384K)
 Metaspace       used 24633K, committed 25024K, reserved 1114112K
  class space    used 2664K, committed 2816K, reserved 1048576K
}
Event: 12.280 GC heap before
{Heap before GC invocations=11 (full 0):
 garbage-first heap   total 311296K, used 257714K [0x0000000704400000, 0x0000000800000000)
  region size 2048K, 48 young (98304K), 8 survivors (16384K)
 Metaspace       used 24638K, committed 25024K, reserved 1114112K
  class space    used 2664K, committed 2816K, reserved 1048576K
}
Event: 12.290 GC heap after
{Heap after GC invocations=12 (full 0):
 garbage-first heap   total 311296K, used 188416K [0x0000000704400000, 0x0000000800000000)
  region size 2048K, 5 young (10240K), 5 survivors (10240K)
 Metaspace       used 24638K, committed 25024K, reserved 1114112K
  class space    used 2664K, committed 2816K, reserved 1048576K
}
Event: 12.429 GC heap before
{Heap before GC invocations=12 (full 0):
 garbage-first heap   total 311296K, used 264192K [0x0000000704400000, 0x0000000800000000)
  region size 2048K, 43 young (88064K), 5 survivors (10240K)
 Metaspace       used 24639K, committed 25024K, reserved 1114112K
  class space    used 2664K, committed 2816K, reserved 1048576K
}
Event: 12.437 GC heap after
{Heap after GC invocations=13 (full 0):
 garbage-first heap   total 311296K, used 197761K [0x0000000704400000, 0x0000000800000000)
  region size 2048K, 5 young (10240K), 5 survivors (10240K)
 Metaspace       used 24639K, committed 25024K, reserved 1114112K
  class space    used 2664K, committed 2816K, reserved 1048576K
}
Event: 12.581 GC heap before
{Heap before GC invocations=13 (full 0):
 garbage-first heap   total 399360K, used 267393K [0x0000000704400000, 0x0000000800000000)
  region size 2048K, 41 young (83968K), 5 survivors (10240K)
 Metaspace       used 24638K, committed 25024K, reserved 1114112K
  class space    used 2663K, committed 2816K, reserved 1048576K
}

