# JRE version: OpenJDK Runtime Environment Temurin-21.0.9+10 (21.0.9+10) (build 21.0.9+10-LTS)
# Java VM: OpenJDK 64-Bit Server VM Temurin-21.0.9+10 (21.0.9+10-LTS, mixed mode, sharing, tiered, compressed oops, compressed class ptrs, parallel gc, windows-amd64)
GC Precious Log:
 CardTable entry size: 512
 CPUs: 8 total, 8 available
 Memory: 16107M
 Large Page Support: Disabled
 NUMA Support: Disabled
 Compressed Oops: Enabled (32-bit)
 Alignments: Space 512K, Generation 512K, Heap 2M
 Heap Min Capacity: 100M
 Heap Initial Capacity: 100M
 Heap Max Capacity: 2G
 Pre-touch: Disabled
 Parallel Workers: 8
Heap:
 PSYoungGen      total 3584K, used 800K [0x00000000d5580000, 0x00000000d5a00000, 0x0000000100000000)
  eden space 3072K, 12% used [0x00000000d5580000,0x00000000d55e22a0,0x00000000d5880000)
  from space 512K, 79% used [0x00000000d5980000,0x00000000d59e6140,0x00000000d5a00000)
  to   space 512K, 0% used [0x00000000d5900000,0x00000000d5900000,0x00000000d5980000)
 ParOldGen       total 951808K, used 951780K [0x0000000080000000, 0x00000000ba180000, 0x00000000d5580000)
  object space 951808K, 99% used [0x0000000080000000,0x00000000ba179138,0x00000000ba180000)
 Metaspace       used 78638K, committed 80384K, reserved 1179648K
  class space    used 8253K, committed 9024K, reserved 1048576K
GC Heap History (20 events):
Event: 100.168 GC heap after
{Heap after GC invocations=1463 (full 3):
 PSYoungGen      total 4608K, used 482K [0x00000000d5580000, 0x00000000d5b80000, 0x0000000100000000)
  eden space 4096K, 0% used [0x00000000d5580000,0x00000000d5580000,0x00000000d5980000)
  from space 512K, 94% used [0x00000000d5b00000,0x00000000d5b788a0,0x00000000d5b80000)
  to   space 1024K, 0% used [0x00000000d5980000,0x00000000d5980000,0x00000000d5a80000)
 ParOldGen       total 946688K, used 946347K [0x0000000080000000, 0x00000000b9c80000, 0x00000000d5580000)
  object space 946688K, 99% used [0x0000000080000000,0x00000000b9c2afd8,0x00000000b9c80000)
 Metaspace       used 77555K, committed 79296K, reserved 1179648K
  class space    used 8157K, committed 8896K, reserved 1048576K
}
Event: 100.201 GC heap before
{Heap before GC invocations=1464 (full 3):
 PSYoungGen      total 4608K, used 4578K [0x00000000d5580000, 0x00000000d5b80000, 0x0000000100000000)
  eden space 4096K, 100% used [0x00000000d5580000,0x00000000d5980000,0x00000000d5980000)
  from space 512K, 94% used [0x00000000d5b00000,0x00000000d5b788a0,0x00000000d5b80000)
  to   space 1024K, 0% used [0x00000000d5980000,0x00000000d5980000,0x00000000d5a80000)
 ParOldGen       total 946688K, used 946347K [0x0000000080000000, 0x00000000b9c80000, 0x00000000d5580000)
  object space 946688K, 99% used [0x0000000080000000,0x00000000b9c2afd8,0x00000000b9c80000)
 Metaspace       used 77577K, committed 79296K, reserved 1179648K
  class space    used 8157K, committed 8896K, reserved 1048576K
}
Event: 100.203 GC heap after
{Heap after GC invocations=1464 (full 3):
 PSYoungGen      total 5120K, used 519K [0x00000000d5580000, 0x00000000d5b80000, 0x0000000100000000)
  eden space 4096K, 0% used [0x00000000d5580000,0x00000000d5580000,0x00000000d5980000)
  from space 1024K, 50% used [0x00000000d5980000,0x00000000d5a01ca0,0x00000000d5a80000)
  to   space 1024K, 0% used [0x00000000d5a80000,0x00000000d5a80000,0x00000000d5b80000)
 ParOldGen       total 946688K, used 946611K [0x0000000080000000, 0x00000000b9c80000, 0x00000000d5580000)
  object space 946688K, 99% used [0x0000000080000000,0x00000000b9c6cfd8,0x00000000b9c80000)
 Metaspace       used 77577K, committed 79296K, reserved 1179648K
  class space    used 8157K, committed 8896K, reserved 1048576K
}
Event: 100.250 GC heap before
{Heap before GC invocations=1465 (full 3):
 PSYoungGen      total 5120K, used 3929K [0x00000000d5580000, 0x00000000d5b80000, 0x0000000100000000)
  eden space 4096K, 83% used [0x00000000d5580000,0x00000000d58d49d0,0x00000000d5980000)
  from space 1024K, 50% used [0x00000000d5980000,0x00000000d5a01ca0,0x00000000d5a80000)
  to   space 1024K, 0% used [0x00000000d5a80000,0x00000000d5a80000,0x00000000d5b80000)
 ParOldGen       total 946688K, used 946611K [0x0000000080000000, 0x00000000b9c80000, 0x00000000d5580000)
  object space 946688K, 99% used [0x0000000080000000,0x00000000b9c6cfd8,0x00000000b9c80000)
 Metaspace       used 77584K, committed 79360K, reserved 1179648K
  class space    used 8157K, committed 8960K, reserved 1048576K
}
Event: 100.252 GC heap after
{Heap after GC invocations=1465 (full 3):
 PSYoungGen      total 5120K, used 864K [0x00000000d5580000, 0x00000000d5b80000, 0x0000000100000000)
  eden space 4096K, 0% used [0x00000000d5580000,0x00000000d5580000,0x00000000d5980000)
  from space 1024K, 84% used [0x00000000d5a80000,0x00000000d5b58000,0x00000000d5b80000)
  to   space 1024K, 0% used [0x00000000d5980000,0x00000000d5980000,0x00000000d5a80000)
 ParOldGen       total 947200K, used 947003K [0x0000000080000000, 0x00000000b9d00000, 0x00000000d5580000)
  object space 947200K, 99% used [0x0000000080000000,0x00000000b9ccec78,0x00000000b9d00000)
 Metaspace       used 77584K, committed 79360K, reserved 1179648K
  class space    used 8157K, committed 8960K, reserved 1048576K
}
Event: 100.287 GC heap before
{Heap before GC invocations=1466 (full 3):
 PSYoungGen      total 5120K, used 4960K [0x00000000d5580000, 0x00000000d5b80000, 0x0000000100000000)
  eden space 4096K, 100% used [0x00000000d5580000,0x00000000d5980000,0x00000000d5980000)
  from space 1024K, 84% used [0x00000000d5a80000,0x00000000d5b58000,0x00000000d5b80000)
  to   space 1024K, 0% used [0x00000000d5980000,0x00000000d5980000,0x00000000d5a80000)
 ParOldGen       total 947200K, used 947003K [0x0000000080000000, 0x00000000b9d00000, 0x00000000d5580000)
  object space 947200K, 99% used [0x0000000080000000,0x00000000b9ccec78,0x00000000b9d00000)
 Metaspace       used 77628K, committed 79424K, reserved 1179648K
  class space    used 8158K, committed 8960K, reserved 1048576K
}
Event: 100.290 GC heap after
{Heap after GC invocations=1466 (full 3):
 PSYoungGen      total 5120K, used 892K [0x00000000d5580000, 0x00000000d5b80000, 0x0000000100000000)
  eden space 4096K, 0% used [0x00000000d5580000,0x00000000d5580000,0x00000000d5980000)
  from space 1024K, 87% used [0x00000000d5980000,0x00000000d5a5f100,0x00000000d5a80000)
  to   space 1024K, 0% used [0x00000000d5a80000,0x00000000d5a80000,0x00000000d5b80000)
 ParOldGen       total 947712K, used 947291K [0x0000000080000000, 0x00000000b9d80000, 0x00000000d5580000)
  object space 947712K, 99% used [0x0000000080000000,0x00000000b9d16c78,0x00000000b9d80000)
 Metaspace       used 77628K, committed 79424K, reserved 1179648K
  class space    used 8158K, committed 8960K, reserved 1048576K
}
Event: 100.353 GC heap before
{Heap before GC invocations=1467 (full 3):
 PSYoungGen      total 5120K, used 4988K [0x00000000d5580000, 0x00000000d5b80000, 0x0000000100000000)
  eden space 4096K, 100% used [0x00000000d5580000,0x00000000d5980000,0x00000000d5980000)
  from space 1024K, 87% used [0x00000000d5980000,0x00000000d5a5f100,0x00000000d5a80000)
  to   space 1024K, 0% used [0x00000000d5a80000,0x00000000d5a80000,0x00000000d5b80000)
 ParOldGen       total 947712K, used 947291K [0x0000000080000000, 0x00000000b9d80000, 0x00000000d5580000)
  object space 947712K, 99% used [0x0000000080000000,0x00000000b9d16c78,0x00000000b9d80000)
 Metaspace       used 78056K, committed 79808K, reserved 1179648K
  class space    used 8196K, committed 8960K, reserved 1048576K
}
Event: 100.356 GC heap after
{Heap after GC invocations=1467 (full 3):
 PSYoungGen      total 5120K, used 494K [0x00000000d5580000, 0x00000000d5b80000, 0x0000000100000000)
  eden space 4096K, 0% used [0x00000000d5580000,0x00000000d5580000,0x00000000d5980000)
  from space 1024K, 48% used [0x00000000d5a80000,0x00000000d5afb958,0x00000000d5b80000)
  to   space 1024K, 0% used [0x00000000d5980000,0x00000000d5980000,0x00000000d5a80000)
 ParOldGen       total 948224K, used 948119K [0x0000000080000000, 0x00000000b9e00000, 0x00000000d5580000)
  object space 948224K, 99% used [0x0000000080000000,0x00000000b9de5d78,0x00000000b9e00000)
 Metaspace       used 78056K, committed 79808K, reserved 1179648K
  class space    used 8196K, committed 8960K, reserved 1048576K
}
Event: 100.389 GC heap before
{Heap before GC invocations=1468 (full 3):
 PSYoungGen      total 5120K, used 4586K [0x00000000d5580000, 0x00000000d5b80000, 0x0000000100000000)
  eden space 4096K, 99% used [0x00000000d5580000,0x00000000d597f050,0x00000000d5980000)
  from space 1024K, 48% used [0x00000000d5a80000,0x00000000d5afb958,0x00000000d5b80000)
  to   space 1024K, 0% used [0x00000000d5980000,0x00000000d5980000,0x00000000d5a80000)
 ParOldGen       total 948224K, used 948119K [0x0000000080000000, 0x00000000b9e00000, 0x00000000d5580000)
  object space 948224K, 99% used [0x0000000080000000,0x00000000b9de5d78,0x00000000b9e00000)
 Metaspace       used 78257K, committed 80000K, reserved 1179648K
  class space    used 8219K, committed 8960K, reserved 1048576K
}
Event: 100.392 GC heap after
{Heap after GC invocations=1468 (full 3):
 PSYoungGen      total 5120K, used 624K [0x00000000d5580000, 0x00000000d5b80000, 0x0000000100000000)
  eden space 4096K, 0% used [0x00000000d5580000,0x00000000d5580000,0x00000000d5980000)
  from space 1024K, 60% used [0x00000000d5980000,0x00000000d5a1c010,0x00000000d5a80000)
  to   space 1024K, 0% used [0x00000000d5a80000,0x00000000d5a80000,0x00000000d5b80000)
 ParOldGen       total 948736K, used 948480K [0x0000000080000000, 0x00000000b9e80000, 0x00000000d5580000)
  object space 948736K, 99% used [0x0000000080000000,0x00000000b9e403c8,0x00000000b9e80000)
 Metaspace       used 78257K, committed 80000K, reserved 1179648K
  class space    used 8219K, committed 8960K, reserved 1048576K
}
Event: 100.412 GC heap before
{Heap before GC invocations=1469 (full 3):
 PSYoungGen      total 5120K, used 4720K [0x00000000d5580000, 0x00000000d5b80000, 0x0000000100000000)
  eden space 4096K, 100% used [0x00000000d5580000,0x00000000d5980000,0x00000000d5980000)
  from space 1024K, 60% used [0x00000000d5980000,0x00000000d5a1c010,0x00000000d5a80000)
  to   space 1024K, 0% used [0x00000000d5a80000,0x00000000d5a80000,0x00000000d5b80000)
 ParOldGen       total 948736K, used 948480K [0x0000000080000000, 0x00000000b9e80000, 0x00000000d5580000)
  object space 948736K, 99% used [0x0000000080000000,0x00000000b9e403c8,0x00000000b9e80000)
 Metaspace       used 78362K, committed 80128K, reserved 1179648K
  class space    used 8230K, committed 9024K, reserved 1048576K
}
Event: 100.414 GC heap after
{Heap after GC invocations=1469 (full 3):
 PSYoungGen      total 4096K, used 1021K [0x00000000d5580000, 0x00000000d5d80000, 0x0000000100000000)
  eden space 3072K, 0% used [0x00000000d5580000,0x00000000d5580000,0x00000000d5880000)
  from space 1024K, 99% used [0x00000000d5a80000,0x00000000d5b7f4b8,0x00000000d5b80000)
  to   space 2048K, 0% used [0x00000000d5880000,0x00000000d5880000,0x00000000d5a80000)
 ParOldGen       total 949760K, used 949250K [0x0000000080000000, 0x00000000b9f80000, 0x00000000d5580000)
  object space 949760K, 99% used [0x0000000080000000,0x00000000b9f009d0,0x00000000b9f80000)
 Metaspace       used 78362K, committed 80128K, reserved 1179648K
  class space    used 8230K, committed 9024K, reserved 1048576K
}
Event: 100.425 GC heap before
{Heap before GC invocations=1470 (full 3):
 PSYoungGen      total 4096K, used 4093K [0x00000000d5580000, 0x00000000d5d80000, 0x0000000100000000)
  eden space 3072K, 100% used [0x00000000d5580000,0x00000000d5880000,0x00000000d5880000)
  from space 1024K, 99% used [0x00000000d5a80000,0x00000000d5b7f4b8,0x00000000d5b80000)
  to   space 2048K, 0% used [0x00000000d5880000,0x00000000d5880000,0x00000000d5a80000)
 ParOldGen       total 949760K, used 949250K [0x0000000080000000, 0x00000000b9f80000, 0x00000000d5580000)
  object space 949760K, 99% used [0x0000000080000000,0x00000000b9f009d0,0x00000000b9f80000)
 Metaspace       used 78378K, committed 80128K, reserved 1179648K
  class space    used 8230K, committed 9024K, reserved 1048576K
}
Event: 100.428 GC heap after
{Heap after GC invocations=1470 (full 3):
 PSYoungGen      total 4096K, used 963K [0x00000000d5580000, 0x00000000d5b80000, 0x0000000100000000)
  eden space 3072K, 0% used [0x00000000d5580000,0x00000000d5580000,0x00000000d5880000)
  from space 1024K, 94% used [0x00000000d5880000,0x00000000d5970cd0,0x00000000d5980000)
  to   space 1536K, 0% used [0x00000000d5a00000,0x00000000d5a00000,0x00000000d5b80000)
 ParOldGen       total 951296K, used 950794K [0x0000000080000000, 0x00000000ba100000, 0x00000000d5580000)
  object space 951296K, 99% used [0x0000000080000000,0x00000000ba0829e0,0x00000000ba100000)
 Metaspace       used 78378K, committed 80128K, reserved 1179648K
  class space    used 8230K, committed 9024K, reserved 1048576K
}
Event: 100.485 GC heap before
{Heap before GC invocations=1471 (full 3):
 PSYoungGen      total 4096K, used 4035K [0x00000000d5580000, 0x00000000d5b80000, 0x0000000100000000)
  eden space 3072K, 100% used [0x00000000d5580000,0x00000000d5880000,0x00000000d5880000)
  from space 1024K, 94% used [0x00000000d5880000,0x00000000d5970cd0,0x00000000d5980000)
  to   space 1536K, 0% used [0x00000000d5a00000,0x00000000d5a00000,0x00000000d5b80000)
 ParOldGen       total 951296K, used 950794K [0x0000000080000000, 0x00000000ba100000, 0x00000000d5580000)
  object space 951296K, 99% used [0x0000000080000000,0x00000000ba0829e0,0x00000000ba100000)
 Metaspace       used 78608K, committed 80384K, reserved 1179648K
  class space    used 8247K, committed 9024K, reserved 1048576K
}
Event: 100.500 GC heap after
{Heap after GC invocations=1471 (full 3):
 PSYoungGen      total 3584K, used 403K [0x00000000d5580000, 0x00000000d5a80000, 0x0000000100000000)
  eden space 3072K, 0% used [0x00000000d5580000,0x00000000d5580000,0x00000000d5880000)
  from space 512K, 78% used [0x00000000d5a00000,0x00000000d5a64f30,0x00000000d5a80000)
  to   space 1024K, 0% used [0x00000000d5880000,0x00000000d5880000,0x00000000d5980000)
 ParOldGen       total 951296K, used 951026K [0x0000000080000000, 0x00000000ba100000, 0x00000000d5580000)
  object space 951296K, 99% used [0x0000000080000000,0x00000000ba0bc8c0,0x00000000ba100000)
 Metaspace       used 78608K, committed 80384K, reserved 1179648K
  class space    used 8247K, committed 9024K, reserved 1048576K
}
Event: 100.511 GC heap before
{Heap before GC invocations=1472 (full 3):
 PSYoungGen      total 3584K, used 3475K [0x00000000d5580000, 0x00000000d5a80000, 0x0000000100000000)
  eden space 3072K, 100% used [0x00000000d5580000,0x00000000d5880000,0x00000000d5880000)
  from space 512K, 78% used [0x00000000d5a00000,0x00000000d5a64f30,0x00000000d5a80000)
  to   space 1024K, 0% used [0x00000000d5880000,0x00000000d5880000,0x00000000d5980000)
 ParOldGen       total 951296K, used 951026K [0x0000000080000000, 0x00000000ba100000, 0x00000000d5580000)
  object space 951296K, 99% used [0x0000000080000000,0x00000000ba0bc8c0,0x00000000ba100000)
 Metaspace       used 78621K, committed 80384K, reserved 1179648K
  class space    used 8247K, committed 9024K, reserved 1048576K
}
Event: 100.514 GC heap after
{Heap after GC invocations=1472 (full 3):
 PSYoungGen      total 4096K, used 496K [0x00000000d5580000, 0x00000000d5a80000, 0x0000000100000000)
  eden space 3072K, 0% used [0x00000000d5580000,0x00000000d5580000,0x00000000d5880000)
  from space 1024K, 48% used [0x00000000d5880000,0x00000000d58fc010,0x00000000d5980000)
  to   space 1024K, 0% used [0x00000000d5980000,0x00000000d5980000,0x00000000d5a80000)
 ParOldGen       total 951808K, used 951364K [0x0000000080000000, 0x00000000ba180000, 0x00000000d5580000)
  object space 951808K, 99% used [0x0000000080000000,0x00000000ba111128,0x00000000ba180000)
 Metaspace       used 78621K, committed 80384K, reserved 1179648K
  class space    used 8247K, committed 9024K, reserved 1048576K
}
Event: 100.949 GC heap before
{Heap before GC invocations=1473 (full 3):
 PSYoungGen      total 4096K, used 3567K [0x00000000d5580000, 0x00000000d5a80000, 0x0000000100000000)
  eden space 3072K, 99% used [0x00000000d5580000,0x00000000d587ffd8,0x00000000d5880000)
  from space 1024K, 48% used [0x00000000d5880000,0x00000000d58fc010,0x00000000d5980000)
  to   space 1024K, 0% used [0x00000000d5980000,0x00000000d5980000,0x00000000d5a80000)
 ParOldGen       total 951808K, used 951364K [0x0000000080000000, 0x00000000ba180000, 0x00000000d5580000)
  object space 951808K, 99% used [0x0000000080000000,0x00000000ba111128,0x00000000ba180000)
 Metaspace       used 78638K, committed 80384K, reserved 1179648K
  class space    used 8253K, committed 9024K, reserved 1048576K
}

